============================= test session starts =============================
platform win32 -- Python 3.14.2, pytest-9.0.2, pluggy-1.6.0 -- C:\Users\vnykj\OneDrive\Desktop\EUREKA\.venv\Scripts\python.exe
cachedir: .pytest_cache
rootdir: C:\Users\vnykj\OneDrive\Desktop\EUREKA
configfile: pytest.ini
plugins: anyio-4.12.1, langsmith-0.7.4, asyncio-1.3.0
asyncio: mode=Mode.AUTO, debug=False, asyncio_default_fixture_loop_scope=None, asyncio_default_test_loop_scope=function
collecting ... collected 12 items

tests/test_endpoints.py::test_ingest_pdf_success PASSED                  [  8%]
tests/test_endpoints.py::test_ingest_non_pdf_rejected PASSED             [ 16%]
tests/test_endpoints.py::test_adapt_returns_all_fields_no_profile PASSED [ 25%]
tests/test_endpoints.py::test_adapt_dyslexia_profile_runs_one_chain PASSED [ 33%]
tests/test_endpoints.py::test_adapt_cognitive_profile_runs_two_chains PASSED [ 41%]
tests/test_endpoints.py::test_adapt_missing_query_returns_422 PASSED     [ 50%]
tests/test_endpoints.py::test_adapt_404_when_no_documents_indexed PASSED [ 58%]
tests/test_endpoints.py::test_feedback_low_rating_is_indexed PASSED      [ 66%]
tests/test_endpoints.py::test_feedback_high_rating_not_indexed PASSED    [ 75%]
tests/test_endpoints.py::test_feedback_invalid_rating_returns_422 PASSED [ 83%]
tests/test_endpoints.py::test_concept_graph_returns_valid_structure PASSED [ 91%]
tests/test_endpoints.py::test_concept_graph_missing_content_returns_422 PASSED [100%]

============================== warnings summary ===============================
.venv\Lib\site-packages\langchain_core\_api\deprecation.py:25
  C:\Users\vnykj\OneDrive\Desktop\EUREKA\.venv\Lib\site-packages\langchain_core\_api\deprecation.py:25: UserWarning: Core Pydantic V1 functionality isn't compatible with Python 3.14 or greater.
    from pydantic.v1.fields import FieldInfo as FieldInfoV1

.venv\Lib\site-packages\google\genai\types.py:43
  C:\Users\vnykj\OneDrive\Desktop\EUREKA\.venv\Lib\site-packages\google\genai\types.py:43: DeprecationWarning: '_UnionGenericAlias' is deprecated and slated for removal in Python 3.17
    VersionedUnionType = Union[builtin_types.UnionType, _UnionGenericAlias]

-- Docs: https://docs.pytest.org/en/stable/how-to/capture-warnings.html
======================= 12 passed, 2 warnings in 8.68s ========================
